<?xml version="1.0" encoding="UTF-8"?>
<!-- Generated by org.testng.reporters.JUnitReportReporter -->
<testsuite hostname="Pavithra" failures="0" tests="2" name="Testing.MavenJava.RESTAPITest" time="0.018" errors="0" timestamp="2022-01-13T11:37:37 IST" skipped="0">
  <testcase classname="Testing.MavenJava.RESTAPITest" name="Postjira" time="0.016"/>
  <system-out/>
  <testcase classname="Testing.MavenJava.RESTAPITest" name="deleteTwitter" time="0.002"/>
  <system-out/>
</testsuite> <!-- Testing.MavenJava.RESTAPITest -->
