<?xml version="1.0" encoding="UTF-8"?>
<!-- Generated by org.testng.reporters.JUnitReportReporter -->
<testsuite skipped="0" hostname="Pavithra" name="Testing.MavenJava.AppiumTest" tests="2" failures="0" timestamp="2022-01-13T15:56:55 IST" time="0.000" errors="0">
  <testcase name="NativeApp" time="0.000" classname="Testing.MavenJava.AppiumTest"/>
  <system-out/>
  <testcase name="IOSApp" time="0.000" classname="Testing.MavenJava.AppiumTest"/>
  <system-out/>
</testsuite> <!-- Testing.MavenJava.AppiumTest -->
