<?xml version="1.0" encoding="UTF-8"?>
<!-- Generated by org.testng.reporters.JUnitReportReporter -->
<testsuite skipped="0" hostname="Pavithra" name="Testing.MavenJava.SeleniumTest" tests="2" failures="0" timestamp="2022-01-13T15:56:55 IST" time="0.009" errors="0">
  <testcase name="BrowserAutomation" time="0.001" classname="Testing.MavenJava.SeleniumTest"/>
  <system-out/>
  <testcase name="ElementsUI" time="0.008" classname="Testing.MavenJava.SeleniumTest"/>
  <system-out/>
</testsuite> <!-- Testing.MavenJava.SeleniumTest -->
