<?xml version="1.0" encoding="UTF-8"?>
<!-- Generated by org.testng.reporters.JUnitReportReporter -->
<testsuite skipped="0" hostname="Pavithra" name="Testing.MavenJava.AppTest" tests="1" failures="0" timestamp="2022-01-13T11:28:25 IST" time="0.016" errors="0">
  <testcase name="shouldAnswerWithTrue" time="0.016" classname="Testing.MavenJava.AppTest"/>
  <system-out/>
</testsuite> <!-- Testing.MavenJava.AppTest -->
